<?xml version="1.0" encoding="UTF-8"?>
<!-- Generated by org.testng.reporters.JUnitXMLReporter -->
<testsuite ignored="0" hostname="Shankari" failures="1" tests="2" name="Test" time="22.999" errors="0" timestamp="19 Sep 2020 09:47:04 GMT">
  <testcase classname="testcases.Add_Customer" name="login" time="12.919"/>
  <testcase classname="testcases.Add_Customer" name="add_cust" time="9.549">
    <failure type="junit.framework.AssertionFailedError" message="Email is already registered">
      <![CDATA[junit.framework.AssertionFailedError: Email is already registered
at junit.framework.Assert.fail(Assert.java:47)
at pageObjectLibrary.pob_addCustomer.add_customer(pob_addCustomer.java:95)
at testcases.Add_Customer.add_cust(Add_Customer.java:27)
... Removed 29 stack frames]]>
    </failure>
  </testcase> <!-- add_cust -->
</testsuite> <!-- Test -->
